<?xml version="1.0" encoding="UTF-8"?>
<!-- Generated by org.testng.reporters.JUnitReportReporter -->
<testsuite hostname="DESKTOP-O3LI34K" name="com.automation.testcases.LoginTestCRM" tests="2" failures="0" timestamp="29 Apr 2020 17:57:47 GMT" time="4.965" errors="0">
  <testcase name="loginApp1" time="0.575" classname="com.automation.testcases.LoginTestCRM"/>
  <testcase name="loginApp" time="4.390" classname="com.automation.testcases.LoginTestCRM"/>
</testsuite> <!-- com.automation.testcases.LoginTestCRM -->
